[debug] [2025-03-31T22:17:34.977Z] ----------------------------------------------------------------------
[debug] [2025-03-31T22:17:34.980Z] Command:       C:\Program Files\nodejs\node.exe C:\Users\Micael Bardim\AppData\Roaming\npm\node_modules\firebase-tools\lib\bin\firebase.js deploy
[debug] [2025-03-31T22:17:34.980Z] CLI Version:   13.34.0
[debug] [2025-03-31T22:17:34.980Z] Platform:      win32
[debug] [2025-03-31T22:17:34.980Z] Node Version:  v22.14.0
[debug] [2025-03-31T22:17:34.981Z] Time:          Mon Mar 31 2025 19:17:34 GMT-0300 (Horário Padrão de Brasília)
[debug] [2025-03-31T22:17:34.981Z] ----------------------------------------------------------------------
[debug] 
[debug] [2025-03-31T22:17:35.166Z] > command requires scopes: ["email","openid","https://www.googleapis.com/auth/cloudplatformprojects.readonly","https://www.googleapis.com/auth/firebase","https://www.googleapis.com/auth/cloud-platform"]
[debug] [2025-03-31T22:17:35.167Z] > authorizing via signed-in user (micaelbardimtech@gmail.com)
[debug] [2025-03-31T22:17:35.167Z] [iam] checking project dsigner-com-br for permissions ["firebase.projects.get","firebasehosting.sites.update"]
[debug] [2025-03-31T22:17:35.168Z] Checked if tokens are valid: false, expires at: 1743457446206
[debug] [2025-03-31T22:17:35.168Z] Checked if tokens are valid: false, expires at: 1743457446206
[debug] [2025-03-31T22:17:35.168Z] > refreshing access token with scopes: []
[debug] [2025-03-31T22:17:35.170Z] >>> [apiv2][query] POST https://www.googleapis.com/oauth2/v3/token [none]
[debug] [2025-03-31T22:17:35.170Z] >>> [apiv2][body] POST https://www.googleapis.com/oauth2/v3/token [omitted]
[debug] [2025-03-31T22:17:35.586Z] <<< [apiv2][status] POST https://www.googleapis.com/oauth2/v3/token 200
[debug] [2025-03-31T22:17:35.587Z] <<< [apiv2][body] POST https://www.googleapis.com/oauth2/v3/token [omitted]
[debug] [2025-03-31T22:17:35.596Z] >>> [apiv2][query] POST https://cloudresourcemanager.googleapis.com/v1/projects/dsigner-com-br:testIamPermissions [none]
[debug] [2025-03-31T22:17:35.597Z] >>> [apiv2][(partial)header] POST https://cloudresourcemanager.googleapis.com/v1/projects/dsigner-com-br:testIamPermissions x-goog-quota-user=projects/dsigner-com-br
[debug] [2025-03-31T22:17:35.597Z] >>> [apiv2][body] POST https://cloudresourcemanager.googleapis.com/v1/projects/dsigner-com-br:testIamPermissions {"permissions":["firebase.projects.get","firebasehosting.sites.update"]}
[debug] [2025-03-31T22:17:36.510Z] <<< [apiv2][status] POST https://cloudresourcemanager.googleapis.com/v1/projects/dsigner-com-br:testIamPermissions 200
[debug] [2025-03-31T22:17:36.510Z] <<< [apiv2][body] POST https://cloudresourcemanager.googleapis.com/v1/projects/dsigner-com-br:testIamPermissions {"permissions":["firebase.projects.get","firebasehosting.sites.update"]}
[debug] [2025-03-31T22:17:36.510Z] Checked if tokens are valid: true, expires at: 1743463054587
[debug] [2025-03-31T22:17:36.510Z] Checked if tokens are valid: true, expires at: 1743463054587
[debug] [2025-03-31T22:17:36.510Z] >>> [apiv2][query] GET https://firebase.googleapis.com/v1beta1/projects/dsigner-com-br [none]
[debug] [2025-03-31T22:17:36.932Z] <<< [apiv2][status] GET https://firebase.googleapis.com/v1beta1/projects/dsigner-com-br 200
[debug] [2025-03-31T22:17:36.932Z] <<< [apiv2][body] GET https://firebase.googleapis.com/v1beta1/projects/dsigner-com-br {"projectId":"dsigner-com-br","projectNumber":"905799758619","displayName":"Dsigner","name":"projects/dsigner-com-br","resources":{"hostingSite":"dsigner-com-br","realtimeDatabaseInstance":"dsigner-com-br-default-rtdb"},"state":"ACTIVE","etag":"1_92727cca-ed1c-4bcd-9aed-9a296baa6398"}
[info] 
[info] === Deploying to 'dsigner-com-br'...
[info] 
[info] i  deploying hosting 
[debug] [2025-03-31T22:17:36.936Z] Checked if tokens are valid: true, expires at: 1743463054587
[debug] [2025-03-31T22:17:36.936Z] Checked if tokens are valid: true, expires at: 1743463054587
[debug] [2025-03-31T22:17:36.936Z] >>> [apiv2][query] POST https://firebasehosting.googleapis.com/v1beta1/projects/-/sites/dsigner-com-br/versions [none]
[debug] [2025-03-31T22:17:36.936Z] >>> [apiv2][body] POST https://firebasehosting.googleapis.com/v1beta1/projects/-/sites/dsigner-com-br/versions {"status":"CREATED","labels":{"deployment-tool":"cli-firebase"}}
